<?xml version="1.0" encoding="UTF-8"?>
<testng-results skipped="0" failed="0" ignored="0" total="1" passed="1">
  <reporter-output>
  </reporter-output>
  <suite name="Suite" duration-ms="23961" started-at="2021-02-26T09:28:07 IST" finished-at="2021-02-26T09:28:31 IST">
    <groups>
    </groups>
    <test name="Test" duration-ms="23961" started-at="2021-02-26T09:28:07 IST" finished-at="2021-02-26T09:28:31 IST">
      <class name="amazon.testcases.OpenProduct">
        <test-method status="PASS" signature="openBrowser()[pri:0, instance:amazon.testcases.OpenProduct@2d6eabae]" name="openBrowser" is-config="true" duration-ms="11310" started-at="2021-02-26T09:28:08 IST" finished-at="2021-02-26T09:28:19 IST">
          <reporter-output>
          </reporter-output>
        </test-method> <!-- openBrowser -->
        <test-method status="PASS" signature="openIphoneProduct()[pri:0, instance:amazon.testcases.OpenProduct@2d6eabae]" name="openIphoneProduct" duration-ms="8447" started-at="2021-02-26T09:28:19 IST" finished-at="2021-02-26T09:28:27 IST">
          <reporter-output>
          </reporter-output>
        </test-method> <!-- openIphoneProduct -->
        <test-method status="PASS" signature="closeBrowser()[pri:0, instance:amazon.testcases.OpenProduct@2d6eabae]" name="closeBrowser" is-config="true" duration-ms="4137" started-at="2021-02-26T09:28:27 IST" finished-at="2021-02-26T09:28:31 IST">
          <reporter-output>
          </reporter-output>
        </test-method> <!-- closeBrowser -->
      </class> <!-- amazon.testcases.OpenProduct -->
    </test> <!-- Test -->
  </suite> <!-- Suite -->
</testng-results>
